[INFO ] 2018-12-17 08:18:30.431 [http-nio-8080-exec-16] SignUpUser - Adding user: User{id=0, username='kevinh', password='kevinh', firstName='Kevin', lastName='Heise', emailAddress='kheise@madisoncollege.edu', phoneNumber='(608)617-9434', zipCode='53901', favoriteGenre='electronic', roles=[], shows=[], friends=[]} and role: Role{id=0, name='user', username='kevinh'}
[INFO ] 2018-12-17 08:23:06.686 [http-nio-8080-exec-28] SignUpUser - Adding user: User{id=0, username='kheise', password='kevinh', firstName='Kevin', lastName='Heise', emailAddress='kheise@madisoncollege.edu', phoneNumber='(608)617-9434', zipCode='53901', favoriteGenre='electronic', roles=[], shows=[], friends=[]} and role: Role{id=0, name='user', username='kheise'}
[INFO ] 2018-12-17 08:23:41.629 [http-nio-8080-exec-34] HomePage - kheise
[INFO ] 2018-12-17 08:33:33.199 [http-nio-8080-exec-46] HomePage - kheise
[INFO ] 2018-12-17 08:41:25.804 [http-nio-8080-exec-45] HomePage - kheise
[INFO ] 2018-12-17 08:41:30.535 [http-nio-8080-exec-47] HomePage - kheise
[INFO ] 2018-12-17 08:41:58.122 [http-nio-8080-exec-49] HomePage - kheise
[INFO ] 2018-12-17 08:44:07.827 [http-nio-8080-exec-5] HomePage - kheise
[ERROR] 2018-12-17 08:44:10.355 [http-nio-8080-exec-5] HomePage - com.fasterxml.jackson.databind.exc.UnrecognizedPropertyException: Unrecognized field "status" (class com.kevinheise.eventful.Search), not marked as ignorable (9 known properties: "page_items", "page_size", "first_item", "search_time", "total_items", "page_number", "last_item", "page_count", "events"])
 at [Source: (String)"{"status":"Authentication Error","error":"1","description":"The application key provided (bk4XJ7Hw5gD8Kp3Bdd) is not registered with Eventful.  A valid application key is required."}
"; line: 1, column: 12] (through reference chain: com.kevinheise.eventful.Search["status"])
[INFO ] 2018-12-17 08:45:22.767 [http-nio-8080-exec-8] HomePage - kheise
[ERROR] 2018-12-17 08:45:23.150 [http-nio-8080-exec-8] HomePage - com.fasterxml.jackson.databind.exc.UnrecognizedPropertyException: Unrecognized field "status" (class com.kevinheise.eventful.Search), not marked as ignorable (9 known properties: "page_items", "page_size", "first_item", "search_time", "total_items", "page_number", "last_item", "page_count", "events"])
 at [Source: (String)"{"status":"Authentication Error","error":"1","description":"The application key provided (bk4XJ7Hw5gD8Kp3Bdd) is not registered with Eventful.  A valid application key is required."}
"; line: 1, column: 12] (through reference chain: com.kevinheise.eventful.Search["status"])
[INFO ] 2018-12-17 08:45:27.978 [http-nio-8080-exec-10] HomePage - kheise
[ERROR] 2018-12-17 08:45:28.185 [http-nio-8080-exec-10] HomePage - com.fasterxml.jackson.databind.exc.UnrecognizedPropertyException: Unrecognized field "status" (class com.kevinheise.eventful.Search), not marked as ignorable (9 known properties: "page_items", "page_size", "first_item", "search_time", "total_items", "page_number", "last_item", "page_count", "events"])
 at [Source: (String)"{"status":"Authentication Error","error":"1","description":"The application key provided (bk4XJ7Hw5gD8Kp3Bdd) is not registered with Eventful.  A valid application key is required."}
"; line: 1, column: 12] (through reference chain: com.kevinheise.eventful.Search["status"])
[INFO ] 2018-12-17 08:53:01.158 [http-nio-8080-exec-4] HomePage - kheise
[ERROR] 2018-12-17 08:53:02.181 [http-nio-8080-exec-4] HomePage - com.fasterxml.jackson.databind.exc.UnrecognizedPropertyException: Unrecognized field "status" (class com.kevinheise.eventful.Search), not marked as ignorable (9 known properties: "page_items", "page_size", "first_item", "search_time", "total_items", "page_number", "last_item", "page_count", "events"])
 at [Source: (String)"{"status":"Authentication Error","error":"1","description":"The application key provided (bk4XJ7Hw5gD8Kp3Bdd) is not registered with Eventful.  A valid application key is required."}
"; line: 1, column: 12] (through reference chain: com.kevinheise.eventful.Search["status"])
[ERROR] 2018-12-17 09:08:28.594 [http-nio-8080-exec-20] HomePage - com.fasterxml.jackson.databind.exc.UnrecognizedPropertyException: Unrecognized field "status" (class com.kevinheise.eventful.Search), not marked as ignorable (9 known properties: "page_items", "page_size", "first_item", "search_time", "total_items", "page_number", "last_item", "page_count", "events"])
 at [Source: (String)"{"status":"Authentication Error","error":"1","description":"The application key provided (bk4XJ7Hw5gD8Kp3Bdd) is not registered with Eventful.  A valid application key is required."}
"; line: 1, column: 12] (through reference chain: com.kevinheise.eventful.Search["status"])
[ERROR] 2018-12-17 09:11:47.368 [http-nio-8080-exec-21] HomePage - com.fasterxml.jackson.databind.exc.UnrecognizedPropertyException: Unrecognized field "status" (class com.kevinheise.eventful.Search), not marked as ignorable (9 known properties: "page_items", "page_size", "first_item", "search_time", "total_items", "page_number", "last_item", "page_count", "events"])
 at [Source: (String)"{"status":"Authentication Error","error":"1","description":"The application key provided (bk4XJ7Hw5gD8Kp3Bdd) is not registered with Eventful.  A valid application key is required."}
"; line: 1, column: 12] (through reference chain: com.kevinheise.eventful.Search["status"])
[ERROR] 2018-12-17 09:15:02.000 [http-nio-8080-exec-38] HomePage - com.fasterxml.jackson.databind.exc.UnrecognizedPropertyException: Unrecognized field "status" (class com.kevinheise.eventful.Search), not marked as ignorable (9 known properties: "page_items", "page_size", "first_item", "search_time", "total_items", "page_number", "last_item", "page_count", "events"])
 at [Source: (String)"{"status":"Authentication Error","error":"1","description":"The application key provided (bk4XJ7Hw5gD8Kp3Bdd) is not registered with Eventful.  A valid application key is required."}
"; line: 1, column: 12] (through reference chain: com.kevinheise.eventful.Search["status"])
[ERROR] 2018-12-17 09:17:53.018 [http-nio-8080-exec-41] HomePage - com.fasterxml.jackson.databind.exc.UnrecognizedPropertyException: Unrecognized field "status" (class com.kevinheise.eventful.Search), not marked as ignorable (9 known properties: "page_items", "page_size", "first_item", "search_time", "total_items", "page_number", "last_item", "page_count", "events"])
 at [Source: (String)"{"status":"Authentication Error","error":"1","description":"The application key provided (bk4XJ7Hw5gD8Kp3Bdd) is not registered with Eventful.  A valid application key is required."}
"; line: 1, column: 12] (through reference chain: com.kevinheise.eventful.Search["status"])
[INFO ] 2018-12-17 10:07:12.587 [http-nio-8080-exec-103] ViewProfile - User{id=2, username='kheise', password='kevinh', firstName='Kevin', lastName='Heise', emailAddress='kheise@madisoncollege.edu', phoneNumber='(608)617-9434', zipCode='53901', favoriteGenre='electronic', roles=[Role{id=2, name='user', username='kheise'}], shows=[], friends=[]}
[INFO ] 2018-12-17 10:18:07.654 [http-nio-8080-exec-103] ViewProfile - User{id=2, username='kheise', password='kevinh', firstName='Kevin', lastName='Heise', emailAddress='kheise@madisoncollege.edu', phoneNumber='(608)617-9434', zipCode='53901', favoriteGenre='electronic', roles=[Role{id=2, name='user', username='kheise'}], shows=[], friends=[]}
[INFO ] 2018-12-17 10:24:50.842 [http-nio-8080-exec-7] ViewProfile - User{id=2, username='kheise', password='kevinh', firstName='Kevin', lastName='Heise', emailAddress='kheise@madisoncollege.edu', phoneNumber='(608)617-9434', zipCode='53901', favoriteGenre='electronic', roles=[Role{id=2, name='user', username='kheise'}], shows=[], friends=[]}
[INFO ] 2018-12-17 10:25:13.477 [http-nio-8080-exec-1] ViewProfile - User{id=3, username='asandler', password='madison', firstName='Adam', lastName='Sandler', emailAddress='asandler@happymadison.net', phoneNumber='(555)555-5555', zipCode='53954', favoriteGenre='metal', roles=[], shows=[], friends=[]}
[INFO ] 2018-12-17 10:38:35.011 [http-nio-8080-exec-9] ViewProfile - null
[INFO ] 2018-12-17 10:40:49.943 [http-nio-8080-exec-14] ViewProfile - null
[INFO ] 2018-12-17 10:43:21.998 [http-nio-8080-exec-30] ViewProfile - null
[INFO ] 2018-12-17 10:43:23.537 [http-nio-8080-exec-32] ViewProfile - null
[INFO ] 2018-12-17 10:43:25.207 [http-nio-8080-exec-21] ViewProfile - null
[INFO ] 2018-12-17 10:43:26.786 [http-nio-8080-exec-29] ViewProfile - null
[INFO ] 2018-12-17 10:45:37.794 [http-nio-8080-exec-37] ViewProfile - null
[INFO ] 2018-12-17 10:47:14.976 [http-nio-8080-exec-42] ViewProfile - null
[INFO ] 2018-12-17 10:51:20.005 [http-nio-8080-exec-44] ViewProfile - null
[INFO ] 2018-12-17 10:54:58.781 [http-nio-8080-exec-64] ViewProfile - null
[INFO ] 2018-12-17 10:55:00.871 [http-nio-8080-exec-61] ViewProfile - null
[INFO ] 2018-12-17 10:55:59.018 [http-nio-8080-exec-65] ViewProfile - null
[INFO ] 2018-12-17 10:56:00.813 [http-nio-8080-exec-63] ViewProfile - null
[INFO ] 2018-12-17 10:56:02.362 [http-nio-8080-exec-66] ViewProfile - null
[INFO ] 2018-12-17 10:56:18.137 [http-nio-8080-exec-67] ViewProfile - null
[INFO ] 2018-12-17 10:56:33.445 [http-nio-8080-exec-72] ViewProfile - null
[INFO ] 2018-12-17 10:56:34.962 [http-nio-8080-exec-70] ViewProfile - null
[INFO ] 2018-12-17 10:57:02.609 [http-nio-8080-exec-57] ViewProfile - null
[INFO ] 2018-12-17 10:59:22.539 [http-nio-8080-exec-70] ViewProfile - null
[INFO ] 2018-12-17 10:59:25.102 [http-nio-8080-exec-73] ViewProfile - null
[INFO ] 2018-12-17 11:12:16.579 [http-nio-8080-exec-2] ViewProfile - User{id=2, username='kheise', password='kevinh', firstName='Kevin', lastName='Heise', emailAddress='kheise@madisoncollege.edu', phoneNumber='(608)617-9434', zipCode='53901', favoriteGenre='electronic', roles=[Role{id=2, name='user', username='kheise'}], shows=[], friends=[]}
[INFO ] 2018-12-17 11:23:17.139 [http-nio-8080-exec-9] ViewProfile - User{id=2, username='kheise', password='kevinh', firstName='Kevin', lastName='Heise', emailAddress='kheise@madisoncollege.edu', phoneNumber='(608)617-9434', zipCode='53901', favoriteGenre='electronic', roles=[Role{id=2, name='user', username='kheise'}], shows=[], friends=[]}
[INFO ] 2018-12-17 11:23:20.824 [http-nio-8080-exec-10] ViewProfile - User{id=2, username='kheise', password='kevinh', firstName='Kevin', lastName='Heise', emailAddress='kheise@madisoncollege.edu', phoneNumber='(608)617-9434', zipCode='53901', favoriteGenre='electronic', roles=[Role{id=2, name='user', username='kheise'}], shows=[], friends=[]}
[INFO ] 2018-12-17 11:23:21.800 [http-nio-8080-exec-9] ViewProfile - User{id=2, username='kheise', password='kevinh', firstName='Kevin', lastName='Heise', emailAddress='kheise@madisoncollege.edu', phoneNumber='(608)617-9434', zipCode='53901', favoriteGenre='electronic', roles=[Role{id=2, name='user', username='kheise'}], shows=[], friends=[]}
[INFO ] 2018-12-17 11:23:23.089 [http-nio-8080-exec-8] ViewProfile - User{id=2, username='kheise', password='kevinh', firstName='Kevin', lastName='Heise', emailAddress='kheise@madisoncollege.edu', phoneNumber='(608)617-9434', zipCode='53901', favoriteGenre='electronic', roles=[Role{id=2, name='user', username='kheise'}], shows=[], friends=[]}
[INFO ] 2018-12-17 11:23:23.982 [http-nio-8080-exec-7] ViewProfile - User{id=2, username='kheise', password='kevinh', firstName='Kevin', lastName='Heise', emailAddress='kheise@madisoncollege.edu', phoneNumber='(608)617-9434', zipCode='53901', favoriteGenre='electronic', roles=[Role{id=2, name='user', username='kheise'}], shows=[], friends=[]}
[INFO ] 2018-12-17 11:23:26.374 [http-nio-8080-exec-9] ViewProfile - User{id=2, username='kheise', password='kevinh', firstName='Kevin', lastName='Heise', emailAddress='kheise@madisoncollege.edu', phoneNumber='(608)617-9434', zipCode='53901', favoriteGenre='electronic', roles=[Role{id=2, name='user', username='kheise'}], shows=[], friends=[]}
[INFO ] 2018-12-17 11:36:59.484 [http-nio-8080-exec-2] ViewProfile - null
[INFO ] 2018-12-17 11:37:02.064 [http-nio-8080-exec-3] ViewProfile - null
[INFO ] 2018-12-17 18:37:07.237 [http-nio-8080-exec-26] SignUpUser - Adding user: User{id=0, username='kheise', password='kevinh', firstName='Kevin', lastName='Heise', emailAddress='kheise@madisoncollege.edu', phoneNumber='+16086179434', city='Portage', state='Wisconsin', birthdate='19991-04-30', zipCode='53901', favoriteGenre='electronic', roles=[], shows=[], friends=[]}
[INFO ] 2018-12-17 18:52:41.659 [http-nio-8080-exec-43] SignUpUser - Adding user: User{id=0, username='kheise', password='kheise', firstName='Kevin', lastName='Heise', emailAddress='kheise@madisoncollege.edu', phoneNumber='+16086179434', city='Portage', state='WI', birthdate='1991-04-30', zipCode='53901', favoriteGenre='electronic', roles=[], shows=[], friends=[]}
[INFO ] 2018-12-17 19:00:41.245 [http-nio-8080-exec-4] ViewProfile - User{id=2, username='kheise', password='kheise', firstName='Kevin', lastName='Heise', emailAddress='kheise@madisoncollege.edu', phoneNumber='+16086179434', city='Portage', state='WI', birthdate='1991-04-30', zipCode='53901', favoriteGenre='electronic', roles=[Role{id=1, name='user', username='kheise'}], shows=[], friends=[]}
[INFO ] 2018-12-17 19:00:46.228 [http-nio-8080-exec-5] ViewProfile - User{id=2, username='kheise', password='kheise', firstName='Kevin', lastName='Heise', emailAddress='kheise@madisoncollege.edu', phoneNumber='+16086179434', city='Portage', state='WI', birthdate='1991-04-30', zipCode='53901', favoriteGenre='electronic', roles=[Role{id=1, name='user', username='kheise'}], shows=[], friends=[]}
[INFO ] 2018-12-17 19:28:59.854 [http-nio-8080-exec-11] ViewProfile - null
[INFO ] 2018-12-17 19:29:02.578 [http-nio-8080-exec-13] ViewProfile - null
[INFO ] 2018-12-17 19:33:09.265 [http-nio-8080-exec-2] ViewProfile - null
[INFO ] 2018-12-17 19:41:05.361 [http-nio-8080-exec-6] ViewProfile - null
[INFO ] 2018-12-17 19:50:30.863 [http-nio-8080-exec-4] ViewProfile - null
[INFO ] 2018-12-17 19:50:36.026 [http-nio-8080-exec-7] ViewProfile - null
[INFO ] 2018-12-17 20:12:26.023 [http-nio-8080-exec-8] ViewProfile - null
[INFO ] 2018-12-17 20:12:28.577 [http-nio-8080-exec-2] ViewProfile - null
[INFO ] 2018-12-17 20:12:29.714 [http-nio-8080-exec-5] ViewProfile - null
[INFO ] 2018-12-17 20:16:21.653 [http-nio-8080-exec-20] ViewProfile - null
[INFO ] 2018-12-17 20:18:57.236 [http-nio-8080-exec-24] ViewProfile - null
[INFO ] 2018-12-17 20:45:44.850 [http-nio-8080-exec-7] ViewProfile - null
[INFO ] 2018-12-17 20:53:16.920 [http-nio-8080-exec-8] ViewProfile - null
[INFO ] 2018-12-17 20:55:33.846 [http-nio-8080-exec-11] ViewProfile - null
[INFO ] 2018-12-17 20:59:37.783 [http-nio-8080-exec-17] ViewProfile - null
[INFO ] 2018-12-17 20:59:41.032 [http-nio-8080-exec-22] ViewProfile - null
[INFO ] 2018-12-17 20:59:48.723 [http-nio-8080-exec-15] ViewProfile - null
[INFO ] 2018-12-17 20:59:49.947 [http-nio-8080-exec-12] ViewProfile - null
[INFO ] 2018-12-17 21:02:04.983 [http-nio-8080-exec-21] ViewProfile - null
[INFO ] 2018-12-17 21:02:51.539 [http-nio-8080-exec-32] ViewProfile - User{id=2, username='kheise', password='kheise', firstName='Kevin', lastName='Heise', emailAddress='kheise@madisoncollege.edu', phoneNumber='+16086179434', city='Portage', state='WI', birthdate='1991-04-30', zipCode='53901', favoriteGenre='electronic', roles=[Role{id=1, name='user', username='kheise'}], shows=[], friends=[]}
[INFO ] 2018-12-17 21:05:36.999 [http-nio-8080-exec-6] ViewProfile - null
[INFO ] 2018-12-17 21:05:41.758 [http-nio-8080-exec-9] ViewProfile - null
[INFO ] 2018-12-17 21:05:42.710 [http-nio-8080-exec-10] ViewProfile - null
[INFO ] 2018-12-17 21:05:43.976 [http-nio-8080-exec-1] ViewProfile - null
[INFO ] 2018-12-17 21:09:59.840 [http-nio-8080-exec-3] ViewProfile - User{id=2, username='kheise', password='kheise', firstName='Kevin', lastName='Heise', emailAddress='kheise@madisoncollege.edu', phoneNumber='+16086179434', city='Portage', state='WI', birthdate='1991-04-30', zipCode='53901', favoriteGenre='electronic', roles=[Role{id=1, name='user', username='kheise'}], shows=[], friends=[]}
[INFO ] 2018-12-17 21:10:04.373 [http-nio-8080-exec-4] ViewProfile - User{id=2, username='kheise', password='kheise', firstName='Kevin', lastName='Heise', emailAddress='kheise@madisoncollege.edu', phoneNumber='+16086179434', city='Portage', state='WI', birthdate='1991-04-30', zipCode='53901', favoriteGenre='electronic', roles=[Role{id=1, name='user', username='kheise'}], shows=[], friends=[]}
[INFO ] 2018-12-17 21:10:08.251 [http-nio-8080-exec-7] ViewProfile - User{id=2, username='kheise', password='kheise', firstName='Kevin', lastName='Heise', emailAddress='kheise@madisoncollege.edu', phoneNumber='+16086179434', city='Portage', state='WI', birthdate='1991-04-30', zipCode='53901', favoriteGenre='electronic', roles=[Role{id=1, name='user', username='kheise'}], shows=[], friends=[]}
[INFO ] 2018-12-17 21:10:46.721 [http-nio-8080-exec-2] ViewProfile - User{id=2, username='kheise', password='kheise', firstName='Kevin', lastName='Heise', emailAddress='kheise@madisoncollege.edu', phoneNumber='+16086179434', city='Portage', state='WI', birthdate='1991-04-30', zipCode='53901', favoriteGenre='electronic', roles=[Role{id=1, name='user', username='kheise'}], shows=[], friends=[]}
[INFO ] 2018-12-17 21:13:45.921 [http-nio-8080-exec-5] ViewProfile - User{id=2, username='kheise', password='kheise', firstName='Kevin', lastName='Heise', emailAddress='kheise@madisoncollege.edu', phoneNumber='+16086179434', city='Portage', state='WI', birthdate='1991-04-30', zipCode='53901', favoriteGenre='electronic', roles=[Role{id=1, name='user', username='kheise'}], shows=[], friends=[]}
[INFO ] 2018-12-17 21:14:08.814 [http-nio-8080-exec-9] ViewProfile - User{id=2, username='kheise', password='kheise', firstName='Kevin', lastName='Heise', emailAddress='kheise@madisoncollege.edu', phoneNumber='+16086179434', city='Portage', state='WI', birthdate='1991-04-30', zipCode='53901', favoriteGenre='electronic', roles=[Role{id=1, name='user', username='kheise'}], shows=[], friends=[]}
[INFO ] 2018-12-17 21:17:15.018 [http-nio-8080-exec-1] ViewProfile - User{id=2, username='kheise', password='kheise', firstName='Kevin', lastName='Heise', emailAddress='kheise@madisoncollege.edu', phoneNumber='+16086179434', city='Portage', state='WI', birthdate='1991-04-30', zipCode='53901', favoriteGenre='electronic', roles=[Role{id=1, name='user', username='kheise'}], shows=[], friends=[]}
[INFO ] 2018-12-17 21:17:16.798 [http-nio-8080-exec-5] ViewProfile - User{id=2, username='kheise', password='kheise', firstName='Kevin', lastName='Heise', emailAddress='kheise@madisoncollege.edu', phoneNumber='+16086179434', city='Portage', state='WI', birthdate='1991-04-30', zipCode='53901', favoriteGenre='electronic', roles=[Role{id=1, name='user', username='kheise'}], shows=[], friends=[]}
[INFO ] 2018-12-17 21:17:17.593 [http-nio-8080-exec-6] ViewProfile - User{id=2, username='kheise', password='kheise', firstName='Kevin', lastName='Heise', emailAddress='kheise@madisoncollege.edu', phoneNumber='+16086179434', city='Portage', state='WI', birthdate='1991-04-30', zipCode='53901', favoriteGenre='electronic', roles=[Role{id=1, name='user', username='kheise'}], shows=[], friends=[]}
[INFO ] 2018-12-17 21:18:56.785 [http-nio-8080-exec-12] ViewProfile - no user found
[INFO ] 2018-12-17 21:18:56.786 [http-nio-8080-exec-12] ViewProfile - User{id=2, username='kheise', password='kheise', firstName='Kevin', lastName='Heise', emailAddress='kheise@madisoncollege.edu', phoneNumber='+16086179434', city='Portage', state='WI', birthdate='1991-04-30', zipCode='53901', favoriteGenre='electronic', roles=[Role{id=1, name='user', username='kheise'}], shows=[], friends=[]}
[INFO ] 2018-12-17 21:19:11.211 [http-nio-8080-exec-13] ViewProfile - no user found
[INFO ] 2018-12-17 21:19:11.211 [http-nio-8080-exec-13] ViewProfile - User{id=2, username='kheise', password='kheise', firstName='Kevin', lastName='Heise', emailAddress='kheise@madisoncollege.edu', phoneNumber='+16086179434', city='Portage', state='WI', birthdate='1991-04-30', zipCode='53901', favoriteGenre='electronic', roles=[Role{id=1, name='user', username='kheise'}], shows=[], friends=[]}
[INFO ] 2018-12-17 21:19:12.542 [http-nio-8080-exec-12] ViewProfile - no user found
[INFO ] 2018-12-17 21:19:12.542 [http-nio-8080-exec-12] ViewProfile - User{id=2, username='kheise', password='kheise', firstName='Kevin', lastName='Heise', emailAddress='kheise@madisoncollege.edu', phoneNumber='+16086179434', city='Portage', state='WI', birthdate='1991-04-30', zipCode='53901', favoriteGenre='electronic', roles=[Role{id=1, name='user', username='kheise'}], shows=[], friends=[]}
[INFO ] 2018-12-17 21:19:13.401 [http-nio-8080-exec-14] ViewProfile - no user found
[INFO ] 2018-12-17 21:19:13.402 [http-nio-8080-exec-14] ViewProfile - User{id=2, username='kheise', password='kheise', firstName='Kevin', lastName='Heise', emailAddress='kheise@madisoncollege.edu', phoneNumber='+16086179434', city='Portage', state='WI', birthdate='1991-04-30', zipCode='53901', favoriteGenre='electronic', roles=[Role{id=1, name='user', username='kheise'}], shows=[], friends=[]}
[INFO ] 2018-12-17 21:19:14.441 [http-nio-8080-exec-13] ViewProfile - no user found
[INFO ] 2018-12-17 21:19:14.441 [http-nio-8080-exec-13] ViewProfile - User{id=2, username='kheise', password='kheise', firstName='Kevin', lastName='Heise', emailAddress='kheise@madisoncollege.edu', phoneNumber='+16086179434', city='Portage', state='WI', birthdate='1991-04-30', zipCode='53901', favoriteGenre='electronic', roles=[Role{id=1, name='user', username='kheise'}], shows=[], friends=[]}
[INFO ] 2018-12-17 21:21:57.569 [http-nio-8080-exec-14] SignUpUser - Adding user: User{id=0, username='TestUser', password='password', firstName='Test', lastName='User', emailAddress='testuser@gmail.com', phoneNumber='+16085551234', city='Pardeeville', state='WI', birthdate='2018-12-05', zipCode='53954', favoriteGenre='metal', roles=[], shows=[], friends=[]}
[INFO ] 2018-12-17 21:25:35.117 [http-nio-8080-exec-17] ViewProfile - no user found
[INFO ] 2018-12-17 21:25:35.119 [http-nio-8080-exec-17] ViewProfile - User{id=3, username='TestUser', password='password', firstName='Test', lastName='User', emailAddress='testuser@gmail.com', phoneNumber='+16085551234', city='Pardeeville', state='WI', birthdate='2018-12-05', zipCode='53954', favoriteGenre='metal', roles=[Role{id=2, name='user', username='TestUser'}], shows=[], friends=[]}
[INFO ] 2018-12-17 21:25:55.306 [http-nio-8080-exec-14] ViewProfile - kheise
[INFO ] 2018-12-17 21:25:55.371 [http-nio-8080-exec-14] ViewProfile - User{id=2, username='kheise', password='kheise', firstName='Kevin', lastName='Heise', emailAddress='kheise@madisoncollege.edu', phoneNumber='+16086179434', city='Portage', state='WI', birthdate='1991-04-30', zipCode='53901', favoriteGenre='electronic', roles=[Role{id=1, name='user', username='kheise'}], shows=[], friends=[]}
[INFO ] 2018-12-17 21:26:16.845 [http-nio-8080-exec-16] ViewProfile - kheise
[INFO ] 2018-12-17 21:26:16.877 [http-nio-8080-exec-16] ViewProfile - User{id=2, username='kheise', password='kheise', firstName='Kevin', lastName='Heise', emailAddress='kheise@madisoncollege.edu', phoneNumber='+16086179434', city='Portage', state='WI', birthdate='1991-04-30', zipCode='53901', favoriteGenre='electronic', roles=[Role{id=1, name='user', username='kheise'}], shows=[], friends=[]}
[INFO ] 2018-12-17 22:10:05.784 [http-nio-8080-exec-3] ViewProfile - User{id=2, username='kheise', password='kheise', firstName='Kevin', lastName='Heise', emailAddress='kheise@madisoncollege.edu', phoneNumber='+16086179434', city='Portage', state='WI', birthdate='1991-04-30', zipCode='53901', favoriteGenre='electronic', roles=[Role{id=1, name='user', username='kheise'}], shows=[], friends=[]}
[INFO ] 2018-12-17 22:10:56.652 [http-nio-8080-exec-2] ViewProfile - User{id=3, username='TestUser', password='password', firstName='Test', lastName='User', emailAddress='testuser@gmail.com', phoneNumber='+16085551234', city='Pardeeville', state='WI', birthdate='2018-12-05', zipCode='53954', favoriteGenre='metal', roles=[Role{id=2, name='user', username='TestUser'}], shows=[], friends=[]}
[INFO ] 2018-12-17 22:12:04.544 [http-nio-8080-exec-1] ViewProfile - User{id=3, username='TestUser', password='password', firstName='Test', lastName='User', emailAddress='testuser@gmail.com', phoneNumber='+16085551234', city='Pardeeville', state='WI', birthdate='2000-12-25', zipCode='53954', favoriteGenre='metal', roles=[Role{id=2, name='user', username='TestUser'}], shows=[], friends=[]}
[INFO ] 2018-12-17 22:12:25.685 [http-nio-8080-exec-10] ViewProfile - User{id=2, username='kheise', password='kheise', firstName='Kevin', lastName='Heise', emailAddress='kheise@madisoncollege.edu', phoneNumber='+16086179434', city='Portage', state='WI', birthdate='1991-04-30', zipCode='53901', favoriteGenre='electronic', roles=[Role{id=1, name='user', username='kheise'}], shows=[], friends=[]}
[INFO ] 2018-12-17 22:21:40.357 [http-nio-8080-exec-13] ViewProfile - User{id=2, username='kheise', password='kheise', firstName='Kevin', lastName='Heise', emailAddress='kheise@madisoncollege.edu', phoneNumber='+16086179434', city='Portage', state='WI', birthdate='1991-04-30', zipCode='53901', favoriteGenre='electronic', roles=[Role{id=1, name='user', username='kheise'}], shows=[], friends=[]}
[INFO ] 2018-12-17 22:22:10.304 [http-nio-8080-exec-3] ViewProfile - User{id=3, username='TestUser', password='password', firstName='Test', lastName='User', emailAddress='testuser@gmail.com', phoneNumber='+16085551234', city='Pardeeville', state='WI', birthdate='2000-12-25', zipCode='53954', favoriteGenre='metal', roles=[Role{id=2, name='user', username='TestUser'}], shows=[], friends=[]}
[INFO ] 2018-12-17 22:32:38.287 [http-nio-8080-exec-12] SignUpUser - Adding user: User{id=0, username='kheise', password='310781bb37a02c3a9dcfac36d204902ae95e4980dfddf6ab0e84a5b21d2064ef$1$6f9403e883f25f5005c4ac608108757395772aa0112128ef51bead2c6e60c1c9b02b485a262ba29f7d6a90042c98ee1dee6356394bd4df98fcff6e4599d446ef', firstName='Kevin', lastName='Heise', emailAddress='kheise1991@gmail.com', phoneNumber='6086179434', city='Portage', state='WI', birthdate='1991-04-30', zipCode='53901', favoriteGenre='electronic', roles=[], shows=[], friends=[]}
[INFO ] 2018-12-17 22:36:49.008 [http-nio-8080-exec-15] SignUpUser - Adding user: User{id=0, username='testuser', password='76b457d47904f578a5f13c0a58553e3ac9c69c8222692225064714ba71317f45$1$55ce6e82b2921ebd488808a9eebc7047095bad3d59231bb28b231d4f62d1a933483cc817cf1e958f6b6052326c461f2c78fd4df14dafe69008abad5aec21b681', firstName='Test', lastName='User', emailAddress='testuser@gmail.com', phoneNumber='+16086179434', city='Pardeeville', state='WI', birthdate='1991-04-30', zipCode='53954', favoriteGenre='metal', roles=[], shows=[], friends=[]}
[INFO ] 2018-12-17 22:37:20.453 [http-nio-8080-exec-19] ViewProfile - User{id=5, username='testuser', password='76b457d47904f578a5f13c0a58553e3ac9c69c8222692225064714ba71317f45$1$55ce6e82b2921ebd488808a9eebc7047095bad3d59231bb28b231d4f62d1a933483cc817cf1e958f6b6052326c461f2c78fd4df14dafe69008abad5aec21b681', firstName='Test', lastName='User', emailAddress='testuser@gmail.com', phoneNumber='+16086179434', city='Pardeeville', state='WI', birthdate='1991-04-30', zipCode='53954', favoriteGenre='metal', roles=[Role{id=4, name='user', username='testuser'}], shows=[], friends=[]}
[INFO ] 2018-12-17 22:38:53.040 [http-nio-8080-exec-15] ViewProfile - User{id=5, username='testuser', password='76b457d47904f578a5f13c0a58553e3ac9c69c8222692225064714ba71317f45$1$55ce6e82b2921ebd488808a9eebc7047095bad3d59231bb28b231d4f62d1a933483cc817cf1e958f6b6052326c461f2c78fd4df14dafe69008abad5aec21b681', firstName='Test', lastName='User', emailAddress='testuser@gmail.com', phoneNumber='+16086179434', city='Pardeeville', state='WI', birthdate='2000-12-25', zipCode='53954', favoriteGenre='metal', roles=[Role{id=4, name='user', username='testuser'}], shows=[], friends=[]}
[INFO ] 2018-12-17 22:39:13.869 [http-nio-8080-exec-11] ViewProfile - User{id=5, username='testuser', password='76b457d47904f578a5f13c0a58553e3ac9c69c8222692225064714ba71317f45$1$55ce6e82b2921ebd488808a9eebc7047095bad3d59231bb28b231d4f62d1a933483cc817cf1e958f6b6052326c461f2c78fd4df14dafe69008abad5aec21b681', firstName='Test', lastName='User', emailAddress='testuser@gmail.com', phoneNumber='+16086179434', city='Pardeeville', state='WI', birthdate='1995-12-25', zipCode='53954', favoriteGenre='metal', roles=[Role{id=4, name='user', username='testuser'}], shows=[], friends=[]}
